g++ -I . -I /RAID2/COURSE/2025_Spring/mlchip/mlchipTA01/systemc-2.3.3/include -L . -L /RAID2/COURSE/2025_Spring/mlchip/mlchipTA01/systemc-2.3.3/lib-linux64 -o run *.cpp -lsystemc-2.3.3 -Wl,-rpath,/RAID2/COURSE/2025_Spring/mlchip/mlchipTA01/systemc-2.3.3/lib-linux64
./run 

        SystemC 2.3.3-Accellera --- Mar  4 2025 01:46:38
        Copyright (c) 1996-2018 by all Contributors,
        ALL RIGHTS RESERVED
Simulation starting...
@ 1 ns Asserting reset (ARESETn = 0)
@ 11 ns De-asserting reset (ARESETn = 1)
20 ns: Producer: Accepted request for string ID 0. Becoming busy.
30 ns: Producer: Driving data 'M' (TLAST=0) for ID 0
30 ns: Producer: Data 'M' sent (handshake).
40 ns: Producer: Driving data 'L' (TLAST=0) for ID 0
40 ns: Producer: Data 'L' sent (handshake).
50 ns: Checker: Received 'M' (TLAST=0, TVALID=1, TREADY_driven=1)
50 ns: Producer: Driving data 'C' (TLAST=0) for ID 0
50 ns: Producer: Data 'C' sent (handshake).
60 ns: Checker: Received 'L' (TLAST=0, TVALID=1, TREADY_driven=1)
60 ns: Producer: Driving data 'H' (TLAST=0) for ID 0
60 ns: Producer: Data 'H' sent (handshake).
70 ns: Checker: Received 'C' (TLAST=0, TVALID=1, TREADY_driven=1)
70 ns: Producer: Driving data 'I' (TLAST=0) for ID 0
70 ns: Producer: Data 'I' sent (handshake).
80 ns: Checker: Received 'H' (TLAST=0, TVALID=1, TREADY_driven=1)
80 ns: Producer: Driving data 'P' (TLAST=1) for ID 0
80 ns: Producer: Data 'P' sent (handshake).
80 ns: Producer: Finished sending string ID 0. Ready for new request.
90 ns: Checker: Received 'I' (TLAST=0, TVALID=1, TREADY_driven=1)
90 ns: Producer: Accepted request for string ID 0. Becoming busy.
100 ns: Checker: Received 'P' (TLAST=1, TVALID=1, TREADY_driven=1)
100 ns: Checker: Full string received: "MLCHIP"
100 ns: Checker: String CORRECT! Expected: "MLCHIP"
100 ns: Checker: All expected strings processed. Congratulations.
100 ns: Producer: Driving data 'M' (TLAST=0) for ID 0
100 ns: Producer: Data 'M' sent (handshake).
110 ns: Producer: Driving data 'L' (TLAST=0) for ID 0
110 ns: Producer: Data 'L' sent (handshake).
120 ns: Producer: Driving data 'C' (TLAST=0) for ID 0
120 ns: Producer: Data 'C' sent (handshake).
130 ns: Producer: Driving data 'H' (TLAST=0) for ID 0
130 ns: Producer: Data 'H' sent (handshake).
140 ns: Producer: Driving data 'I' (TLAST=0) for ID 0
140 ns: Producer: Data 'I' sent (handshake).
150 ns: Producer: Driving data 'P' (TLAST=1) for ID 0
150 ns: Producer: Data 'P' sent (handshake).
150 ns: Producer: Finished sending string ID 0. Ready for new request.
160 ns: Producer: Accepted request for string ID 0. Becoming busy.
170 ns: Producer: Driving data 'M' (TLAST=0) for ID 0
170 ns: Producer: Data 'M' sent (handshake).
180 ns: Producer: Driving data 'L' (TLAST=0) for ID 0
180 ns: Producer: Data 'L' sent (handshake).
190 ns: Producer: Driving data 'C' (TLAST=0) for ID 0
190 ns: Producer: Data 'C' sent (handshake).
200 ns: Producer: Driving data 'H' (TLAST=0) for ID 0
200 ns: Producer: Data 'H' sent (handshake).
210 ns: Producer: Driving data 'I' (TLAST=0) for ID 0
210 ns: Producer: Data 'I' sent (handshake).
220 ns: Producer: Driving data 'P' (TLAST=1) for ID 0
220 ns: Producer: Data 'P' sent (handshake).
220 ns: Producer: Finished sending string ID 0. Ready for new request.
230 ns: Producer: Accepted request for string ID 0. Becoming busy.
240 ns: Producer: Driving data 'M' (TLAST=0) for ID 0
240 ns: Producer: Data 'M' sent (handshake).
250 ns: Producer: Driving data 'L' (TLAST=0) for ID 0
250 ns: Producer: Data 'L' sent (handshake).
260 ns: Producer: Driving data 'C' (TLAST=0) for ID 0
260 ns: Producer: Data 'C' sent (handshake).
270 ns: Producer: Driving data 'H' (TLAST=0) for ID 0
270 ns: Producer: Data 'H' sent (handshake).
280 ns: Producer: Driving data 'I' (TLAST=0) for ID 0
280 ns: Producer: Data 'I' sent (handshake).
290 ns: Producer: Driving data 'P' (TLAST=1) for ID 0
290 ns: Producer: Data 'P' sent (handshake).
290 ns: Producer: Finished sending string ID 0. Ready for new request.
300 ns: Producer: Accepted request for string ID 0. Becoming busy.
310 ns: Producer: Driving data 'M' (TLAST=0) for ID 0
310 ns: Producer: Data 'M' sent (handshake).
320 ns: Producer: Driving data 'L' (TLAST=0) for ID 0
320 ns: Producer: Data 'L' sent (handshake).
330 ns: Producer: Driving data 'C' (TLAST=0) for ID 0
330 ns: Producer: Data 'C' sent (handshake).
340 ns: Producer: Driving data 'H' (TLAST=0) for ID 0
340 ns: Producer: Data 'H' sent (handshake).
350 ns: Producer: Driving data 'I' (TLAST=0) for ID 0
350 ns: Producer: Data 'I' sent (handshake).
360 ns: Producer: Driving data 'P' (TLAST=1) for ID 0
360 ns: Producer: Data 'P' sent (handshake).
360 ns: Producer: Finished sending string ID 0. Ready for new request.
370 ns: Producer: Accepted request for string ID 0. Becoming busy.
380 ns: Producer: Driving data 'M' (TLAST=0) for ID 0
380 ns: Producer: Data 'M' sent (handshake).
390 ns: Producer: Driving data 'L' (TLAST=0) for ID 0
390 ns: Producer: Data 'L' sent (handshake).
400 ns: Producer: Driving data 'C' (TLAST=0) for ID 0
400 ns: Producer: Data 'C' sent (handshake).
410 ns: Producer: Driving data 'H' (TLAST=0) for ID 0
410 ns: Producer: Data 'H' sent (handshake).
420 ns: Producer: Driving data 'I' (TLAST=0) for ID 0
420 ns: Producer: Data 'I' sent (handshake).
430 ns: Producer: Driving data 'P' (TLAST=1) for ID 0
430 ns: Producer: Data 'P' sent (handshake).
430 ns: Producer: Finished sending string ID 0. Ready for new request.
440 ns: Producer: Accepted request for string ID 0. Becoming busy.
450 ns: Producer: Driving data 'M' (TLAST=0) for ID 0
450 ns: Producer: Data 'M' sent (handshake).
460 ns: Producer: Driving data 'L' (TLAST=0) for ID 0
460 ns: Producer: Data 'L' sent (handshake).
470 ns: Producer: Driving data 'C' (TLAST=0) for ID 0
470 ns: Producer: Data 'C' sent (handshake).
480 ns: Producer: Driving data 'H' (TLAST=0) for ID 0
480 ns: Producer: Data 'H' sent (handshake).
490 ns: Producer: Driving data 'I' (TLAST=0) for ID 0
490 ns: Producer: Data 'I' sent (handshake).
500 ns: Producer: Driving data 'P' (TLAST=1) for ID 0
500 ns: Producer: Data 'P' sent (handshake).
500 ns: Producer: Finished sending string ID 0. Ready for new request.
510 ns: Producer: Accepted request for string ID 0. Becoming busy.
520 ns: Producer: Driving data 'M' (TLAST=0) for ID 0
520 ns: Producer: Data 'M' sent (handshake).
530 ns: Producer: Driving data 'L' (TLAST=0) for ID 0
530 ns: Producer: Data 'L' sent (handshake).
540 ns: Producer: Driving data 'C' (TLAST=0) for ID 0
540 ns: Producer: Data 'C' sent (handshake).
550 ns: Producer: Driving data 'H' (TLAST=0) for ID 0
550 ns: Producer: Data 'H' sent (handshake).
560 ns: Producer: Driving data 'I' (TLAST=0) for ID 0
560 ns: Producer: Data 'I' sent (handshake).
570 ns: Producer: Driving data 'P' (TLAST=1) for ID 0
570 ns: Producer: Data 'P' sent (handshake).
570 ns: Producer: Finished sending string ID 0. Ready for new request.
580 ns: Producer: Accepted request for string ID 0. Becoming busy.
590 ns: Producer: Driving data 'M' (TLAST=0) for ID 0
590 ns: Producer: Data 'M' sent (handshake).
600 ns: Producer: Driving data 'L' (TLAST=0) for ID 0
600 ns: Producer: Data 'L' sent (handshake).
610 ns: Producer: Driving data 'C' (TLAST=0) for ID 0
610 ns: Producer: Data 'C' sent (handshake).
620 ns: Producer: Driving data 'H' (TLAST=0) for ID 0
620 ns: Producer: Data 'H' sent (handshake).
630 ns: Producer: Driving data 'I' (TLAST=0) for ID 0
630 ns: Producer: Data 'I' sent (handshake).
640 ns: Producer: Driving data 'P' (TLAST=1) for ID 0
640 ns: Producer: Data 'P' sent (handshake).
640 ns: Producer: Finished sending string ID 0. Ready for new request.
650 ns: Producer: Accepted request for string ID 0. Becoming busy.
660 ns: Producer: Driving data 'M' (TLAST=0) for ID 0
660 ns: Producer: Data 'M' sent (handshake).
670 ns: Producer: Driving data 'L' (TLAST=0) for ID 0
670 ns: Producer: Data 'L' sent (handshake).
680 ns: Producer: Driving data 'C' (TLAST=0) for ID 0
680 ns: Producer: Data 'C' sent (handshake).
690 ns: Producer: Driving data 'H' (TLAST=0) for ID 0
690 ns: Producer: Data 'H' sent (handshake).
700 ns: Producer: Driving data 'I' (TLAST=0) for ID 0
700 ns: Producer: Data 'I' sent (handshake).
710 ns: Producer: Driving data 'P' (TLAST=1) for ID 0
710 ns: Producer: Data 'P' sent (handshake).
710 ns: Producer: Finished sending string ID 0. Ready for new request.
720 ns: Producer: Accepted request for string ID 0. Becoming busy.
730 ns: Producer: Driving data 'M' (TLAST=0) for ID 0
730 ns: Producer: Data 'M' sent (handshake).
740 ns: Producer: Driving data 'L' (TLAST=0) for ID 0
740 ns: Producer: Data 'L' sent (handshake).
750 ns: Producer: Driving data 'C' (TLAST=0) for ID 0
750 ns: Producer: Data 'C' sent (handshake).
760 ns: Producer: Driving data 'H' (TLAST=0) for ID 0
760 ns: Producer: Data 'H' sent (handshake).
770 ns: Producer: Driving data 'I' (TLAST=0) for ID 0
770 ns: Producer: Data 'I' sent (handshake).
780 ns: Producer: Driving data 'P' (TLAST=1) for ID 0
780 ns: Producer: Data 'P' sent (handshake).
780 ns: Producer: Finished sending string ID 0. Ready for new request.
790 ns: Producer: Accepted request for string ID 0. Becoming busy.
800 ns: Producer: Driving data 'M' (TLAST=0) for ID 0
800 ns: Producer: Data 'M' sent (handshake).
810 ns: Producer: Driving data 'L' (TLAST=0) for ID 0
810 ns: Producer: Data 'L' sent (handshake).
820 ns: Producer: Driving data 'C' (TLAST=0) for ID 0
820 ns: Producer: Data 'C' sent (handshake).
830 ns: Producer: Driving data 'H' (TLAST=0) for ID 0
830 ns: Producer: Data 'H' sent (handshake).
840 ns: Producer: Driving data 'I' (TLAST=0) for ID 0
840 ns: Producer: Data 'I' sent (handshake).
850 ns: Producer: Driving data 'P' (TLAST=1) for ID 0
850 ns: Producer: Data 'P' sent (handshake).
850 ns: Producer: Finished sending string ID 0. Ready for new request.
860 ns: Producer: Accepted request for string ID 0. Becoming busy.
870 ns: Producer: Driving data 'M' (TLAST=0) for ID 0
870 ns: Producer: Data 'M' sent (handshake).
880 ns: Producer: Driving data 'L' (TLAST=0) for ID 0
880 ns: Producer: Data 'L' sent (handshake).
890 ns: Producer: Driving data 'C' (TLAST=0) for ID 0
890 ns: Producer: Data 'C' sent (handshake).
900 ns: Producer: Driving data 'H' (TLAST=0) for ID 0
900 ns: Producer: Data 'H' sent (handshake).
910 ns: Producer: Driving data 'I' (TLAST=0) for ID 0
910 ns: Producer: Data 'I' sent (handshake).
920 ns: Producer: Driving data 'P' (TLAST=1) for ID 0
920 ns: Producer: Data 'P' sent (handshake).
920 ns: Producer: Finished sending string ID 0. Ready for new request.
930 ns: Producer: Accepted request for string ID 0. Becoming busy.
940 ns: Producer: Driving data 'M' (TLAST=0) for ID 0
940 ns: Producer: Data 'M' sent (handshake).
950 ns: Producer: Driving data 'L' (TLAST=0) for ID 0
950 ns: Producer: Data 'L' sent (handshake).
960 ns: Producer: Driving data 'C' (TLAST=0) for ID 0
960 ns: Producer: Data 'C' sent (handshake).
970 ns: Producer: Driving data 'H' (TLAST=0) for ID 0
970 ns: Producer: Data 'H' sent (handshake).
980 ns: Producer: Driving data 'I' (TLAST=0) for ID 0
980 ns: Producer: Data 'I' sent (handshake).
990 ns: Producer: Driving data 'P' (TLAST=1) for ID 0
990 ns: Producer: Data 'P' sent (handshake).
990 ns: Producer: Finished sending string ID 0. Ready for new request.
1 us: Producer: Accepted request for string ID 0. Becoming busy.
1010 ns: Producer: Driving data 'M' (TLAST=0) for ID 0
1010 ns: Producer: Data 'M' sent (handshake).
Simulation finished at 1012 ns
